#
# There is insufficient memory for the Java Runtime Environment to continue.
# Native memory allocation (mmap) failed to map 65011712 bytes. Error detail: G1 virtual space
# Possible reasons:
#   The system is out of physical RAM or swap space
#   This process is running with CompressedOops enabled, and the Java Heap may be blocking the growth of the native heap
# Possible solutions:
#   Reduce memory load on the system
#   Increase physical memory or swap space
#   Check if swap backing store is full
#   Decrease Java heap size (-Xmx/-Xms)
#   Decrease number of Java threads
#   Decrease Java thread stack sizes (-Xss)
#   Set larger code cache with -XX:ReservedCodeCacheSize=
#   JVM is running with Unscaled Compressed Oops mode in which the Java heap is
#     placed in the first 4GB address space. The Java Heap base address is the
#     maximum limit for the native heap growth. Please use -XX:HeapBaseMinAddress
#     to set the Java Heap base and to place the Java Heap above 4GB virtual address.
# This output file may be truncated or incomplete.
#
#  Out of Memory Error (os_windows.cpp:3631), pid=16912, tid=3208
#
# JRE version:  (22.0.2+9) (build )
# Java VM: Java HotSpot(TM) 64-Bit Server VM (22.0.2+9-70, mixed mode, sharing, tiered, compressed oops, compressed class ptrs, g1 gc, windows-amd64)
# No core dump will be written. Minidumps are not enabled by default on client versions of Windows
#

---------------  S U M M A R Y ------------

Command Line: 

Host: Intel(R) Pentium(R) Silver N6000 @ 1.10GHz, 4 cores, 3G,  Windows 11 , 64 bit Build 22621 (10.0.22621.4974)
Time: Fri Apr  4 15:13:47 2025 South Africa Standard Time elapsed time: 0.089332 seconds (0d 0h 0m 0s)

---------------  T H R E A D  ---------------

Current thread (0x0000022873121220):  JavaThread "Unknown thread" [_thread_in_vm, id=3208, stack(0x000000a68b700000,0x000000a68b800000) (1024K)]

Stack: [0x000000a68b700000,0x000000a68b800000]
Native frames: (J=compiled Java code, j=interpreted, Vv=VM code, C=native code)
V  [jvm.dll+0x6e26e9]  (no source info available)
V  [jvm.dll+0x875753]  (no source info available)
V  [jvm.dll+0x877b7e]  (no source info available)
V  [jvm.dll+0x878253]  (no source info available)
V  [jvm.dll+0x27fc86]  (no source info available)
V  [jvm.dll+0x6ded85]  (no source info available)
V  [jvm.dll+0x6d388a]  (no source info available)
V  [jvm.dll+0x358b8a]  (no source info available)
V  [jvm.dll+0x3610b6]  (no source info available)
V  [jvm.dll+0x3b419e]  (no source info available)
V  [jvm.dll+0x3b4448]  (no source info available)
V  [jvm.dll+0x32c5ec]  (no source info available)
V  [jvm.dll+0x32d258]  (no source info available)
V  [jvm.dll+0x83d5ac]  (no source info available)
V  [jvm.dll+0x3c10d1]  (no source info available)
V  [jvm.dll+0x8264cc]  (no source info available)
V  [jvm.dll+0x45bd5e]  (no source info available)
V  [jvm.dll+0x45dbe1]  (no source info available)
C  [jli.dll+0x52a3]  (no source info available)
C  [ucrtbase.dll+0x29333]  (no source info available)
C  [KERNEL32.DLL+0x1259d]  (no source info available)
C  [ntdll.dll+0x5af38]  (no source info available)


---------------  P R O C E S S  ---------------

Threads class SMR info:
_java_thread_list=0x00007fff0c5fc1c8, length=0, elements={
}

Java Threads: ( => current thread )
Total: 0

Other Threads:
  0x00000228752f5550 WorkerThread "GC Thread#0"                     [id=13788, stack(0x000000a68b800000,0x000000a68b900000) (1024K)]
  0x00000228752fde50 ConcurrentGCThread "G1 Main Marker"            [id=15144, stack(0x000000a68b900000,0x000000a68ba00000) (1024K)]
  0x00000228752fea20 WorkerThread "G1 Conc#0"                       [id=12844, stack(0x000000a68ba00000,0x000000a68bb00000) (1024K)]

[error occurred during error reporting (printing all threads), id 0xc0000005, EXCEPTION_ACCESS_VIOLATION (0xc0000005) at pc=0x00007fff0bd4f517]
VM state: not at safepoint (not fully initialized)

VM Mutex/Monitor currently owned by a thread:  ([mutex/lock_event])
[0x00007fff0c67cc80] Heap_lock - owner thread: 0x0000022873121220

Heap address: 0x00000000c3000000, size: 976 MB, Compressed Oops mode: 32-bit

CDS archive(s) mapped at: [0x0000000000000000-0x0000000000000000-0x0000000000000000), size 0, SharedBaseAddress: 0x0000000800000000, ArchiveRelocationMode: 1.
Narrow klass base: 0x0000000000000000, Narrow klass shift: 0, Narrow klass range: 0x0

GC Precious Log:
 CardTable entry size: 512
 Card Set container configuration: InlinePtr #cards 5 size 8 Array Of Cards #cards 12 size 40 Howl #buckets 4 coarsen threshold 1843 Howl Bitmap #cards 512 size 80 coarsen threshold 460 Card regions per heap region 1 cards per card region 2048

Heap:
 garbage-first heap   total reserved 999424K, committed 0K, used 0K [0x00000000c3000000, 0x0000000100000000)
  region size 1024K, 0 young (0K), 0 survivors (0K)

[error occurred during error reporting (printing heap information), id 0xc0000005, EXCEPTION_ACCESS_VIOLATION (0xc0000005) at pc=0x00007fff0c14e869]
GC Heap History (0 events):
No events

Dll operation events (1 events):
Event: 0.013 Loaded shared library C:\Program Files\Java\jdk-22\bin\java.dll

Deoptimization events (0 events):
No events

Classes loaded (0 events):
No events

Classes unloaded (0 events):
No events

Classes redefined (0 events):
No events

Internal exceptions (0 events):
No events

ZGC Phase Switch (0 events):
No events

VM Operations (0 events):
No events

Memory protections (0 events):
No events

Nmethod flushes (0 events):
No events

Events (0 events):
No events


Dynamic libraries:
0x00007ff74bc30000 - 0x00007ff74bc40000 	C:\Program Files\Java\jdk-22\bin\java.exe
0x00007fff84b10000 - 0x00007fff84d27000 	C:\Windows\SYSTEM32\ntdll.dll
0x00007fff82ea0000 - 0x00007fff82f64000 	C:\Windows\System32\KERNEL32.DLL
0x00007fff82040000 - 0x00007fff82411000 	C:\Windows\System32\KERNELBASE.dll
0x00007fff81d10000 - 0x00007fff81e21000 	C:\Windows\System32\ucrtbase.dll
0x00007fff6f7e0000 - 0x00007fff6f7fb000 	C:\Program Files\Java\jdk-22\bin\VCRUNTIME140.dll
0x00007fff78620000 - 0x00007fff78637000 	C:\Program Files\Java\jdk-22\bin\jli.dll
0x00007fff835a0000 - 0x00007fff83751000 	C:\Windows\System32\USER32.dll
0x00007fff827b0000 - 0x00007fff827d6000 	C:\Windows\System32\win32u.dll
0x00007fff82a00000 - 0x00007fff82a29000 	C:\Windows\System32\GDI32.dll
0x00007fff6ec10000 - 0x00007fff6eea2000 	C:\Windows\WinSxS\amd64_microsoft.windows.common-controls_6595b64144ccf1df_6.0.22621.4830_none_270fe7d773858e80\COMCTL32.dll
0x00007fff82520000 - 0x00007fff8263b000 	C:\Windows\System32\gdi32full.dll
0x00007fff81e30000 - 0x00007fff81eca000 	C:\Windows\System32\msvcp_win.dll
0x00007fff834e0000 - 0x00007fff83587000 	C:\Windows\System32\msvcrt.dll
0x00007fff84a90000 - 0x00007fff84ac1000 	C:\Windows\System32\IMM32.DLL
0x00007fff7ccc0000 - 0x00007fff7cccc000 	C:\Program Files\Java\jdk-22\bin\vcruntime140_1.dll
0x00007fff5ecc0000 - 0x00007fff5ed4e000 	C:\Program Files\Java\jdk-22\bin\msvcp140.dll
0x00007fff0ba10000 - 0x00007fff0c759000 	C:\Program Files\Java\jdk-22\bin\server\jvm.dll
0x00007fff82f90000 - 0x00007fff83041000 	C:\Windows\System32\ADVAPI32.dll
0x00007fff84880000 - 0x00007fff84927000 	C:\Windows\System32\sechost.dll
0x00007fff81ed0000 - 0x00007fff81ef8000 	C:\Windows\System32\bcrypt.dll
0x00007fff82be0000 - 0x00007fff82cf4000 	C:\Windows\System32\RPCRT4.dll
0x00007fff84a10000 - 0x00007fff84a81000 	C:\Windows\System32\WS2_32.dll
0x00007fff81970000 - 0x00007fff819bd000 	C:\Windows\SYSTEM32\POWRPROF.dll
0x00007fff7ac80000 - 0x00007fff7ac8a000 	C:\Windows\SYSTEM32\VERSION.dll
0x00007fff7dae0000 - 0x00007fff7db14000 	C:\Windows\SYSTEM32\WINMM.dll
0x00007fff81950000 - 0x00007fff81963000 	C:\Windows\SYSTEM32\UMPDC.dll
0x00007fff80ca0000 - 0x00007fff80cb8000 	C:\Windows\SYSTEM32\kernel.appcore.dll
0x00007fff76a20000 - 0x00007fff76a2a000 	C:\Program Files\Java\jdk-22\bin\jimage.dll
0x00007fff7f870000 - 0x00007fff7faa2000 	C:\Windows\SYSTEM32\DBGHELP.DLL
0x00007fff841f0000 - 0x00007fff84580000 	C:\Windows\System32\combase.dll
0x00007fff82dc0000 - 0x00007fff82e97000 	C:\Windows\System32\OLEAUT32.dll
0x00007fff68620000 - 0x00007fff68652000 	C:\Windows\SYSTEM32\dbgcore.DLL
0x00007fff824a0000 - 0x00007fff8251b000 	C:\Windows\System32\bcryptPrimitives.dll
0x00007fff6f170000 - 0x00007fff6f18e000 	C:\Program Files\Java\jdk-22\bin\java.dll
0x00007fff83760000 - 0x00007fff83fe8000 	C:\Windows\System32\SHELL32.dll
0x00007fff81f00000 - 0x00007fff8203f000 	C:\Windows\System32\wintypes.dll
0x00007fff82a30000 - 0x00007fff82bd1000 	C:\Windows\System32\ole32.dll

dbghelp: loaded successfully - version: 4.0.5 - missing functions: none
symbol engine: initialized successfully - sym options: 0x614 - pdb path: .;C:\Program Files\Java\jdk-22\bin;C:\Windows\SYSTEM32;C:\Windows\WinSxS\amd64_microsoft.windows.common-controls_6595b64144ccf1df_6.0.22621.4830_none_270fe7d773858e80;C:\Program Files\Java\jdk-22\bin\server

VM Arguments:
java_command: <unknown>
java_class_path (initial): <not set>
Launcher Type: SUN_STANDARD

[Global flags]
     intx CICompilerCount                          = 3                                         {product} {ergonomic}
     uint ConcGCThreads                            = 1                                         {product} {ergonomic}
     uint G1ConcRefinementThreads                  = 4                                         {product} {ergonomic}
   size_t G1HeapRegionSize                         = 1048576                                   {product} {ergonomic}
   size_t InitialHeapSize                          = 65011712                                  {product} {ergonomic}
   size_t MarkStackSize                            = 4194304                                   {product} {ergonomic}
   size_t MaxHeapSize                              = 1023410176                                {product} {ergonomic}
   size_t MinHeapDeltaBytes                        = 1048576                                   {product} {ergonomic}
   size_t MinHeapSize                              = 8388608                                   {product} {ergonomic}
    uintx NonNMethodCodeHeapSize                   = 5832780                                {pd product} {ergonomic}
    uintx NonProfiledCodeHeapSize                  = 122912730                              {pd product} {ergonomic}
    uintx ProfiledCodeHeapSize                     = 122912730                              {pd product} {ergonomic}
    uintx ReservedCodeCacheSize                    = 251658240                              {pd product} {ergonomic}
     bool SegmentedCodeCache                       = true                                      {product} {ergonomic}
   size_t SoftMaxHeapSize                          = 1023410176                             {manageable} {ergonomic}
     bool UseCompressedOops                        = true                           {product lp64_product} {ergonomic}
     bool UseG1GC                                  = true                                      {product} {ergonomic}
     bool UseLargePagesIndividualAllocation        = false                                  {pd product} {ergonomic}

Logging:
Log output configuration:
 #0: stdout all=warning uptime,level,tags foldmultilines=false
 #1: stderr all=off uptime,level,tags foldmultilines=false

Environment Variables:
PATH=C:\oraclexe\app\oracle\product\11.2.0\server\bin;;C:\Program Files\Common Files\Oracle\Java\javapath;C:\Program Files\OpenLogic\jdk-8.0.432.06-hotspot\bin;C:\Windows\system32;C:\Windows;C:\Windows\System32\Wbem;C:\Windows\System32\WindowsPowerShell\v1.0\;C:\Windows\System32\OpenSSH\;C:\Program Files\nodejs\;C:\ProgramData\chocolatey\bin;C:\Program Files\MySQL\MySQL Shell 8.0\bin\;C:\Users\Alex\AppData\Local\Programs\Python\Launcher\;C:\Users\Alex\AppData\Local\Microsoft\WindowsApps;C:\Users\Alex\AppData\Local\Programs\Microsoft VS Code\bin;C:\Program Files\JetBrains\PyCharm 2024.3.4\bin;;C:\Program Files\JetBrains\IntelliJ IDEA 2024.3.5\bin;;C:\Program Files\JetBrains\PyCharm Community Edition 2024.3.5\bin;;C:\Users\Alex\AppData\Roaming\npm
USERNAME=Alex
OS=Windows_NT
PROCESSOR_IDENTIFIER=Intel64 Family 6 Model 156 Stepping 0, GenuineIntel
TMP=C:\Users\Alex\AppData\Local\Temp
TEMP=C:\Users\Alex\AppData\Local\Temp




Periodic native trim disabled

---------------  S Y S T E M  ---------------

OS:
 Windows 11 , 64 bit Build 22621 (10.0.22621.4974)
OS uptime: 2 days 17:52 hours

CPU: total 4 (initial active 4) (4 cores per cpu, 1 threads per core) family 6 model 156 stepping 0 microcode 0x1d, cx8, cmov, fxsr, mmx, 3dnowpref, sse, sse2, sse3, ssse3, sse4.1, sse4.2, popcnt, tsc, tscinvbit, aes, erms, clmul, sha, clflush, clflushopt, clwb, rdtscp, rdpid
Processor Information for all 4 processors :
  Max Mhz: 1114, Current Mhz: 1114, Mhz Limit: 1114

Memory: 4k page, system-wide physical 3901M (105M free)
TotalPageFile size 15677M (AvailPageFile size 3M)
current process WorkingSet (physical memory assigned to process): 12M, peak: 12M
current process commit charge ("private bytes"): 52M, peak: 114M

vm_info: Java HotSpot(TM) 64-Bit Server VM (22.0.2+9-70) for windows-amd64 JRE (22.0.2+9-70), built on 2024-06-04T16:52:23Z by "mach5one" with MS VC++ 17.6 (VS2022)

END.
